<?xml version="1.0" encoding="UTF-8"?>
<testsuite name="com.springboot.GameTest" time="0.018" tests="4" errors="0" skipped="0" failures="0">
  <properties>
[...]
</properties>
  <testcase name="placeNorthMoveLeft" classname="com.springboot.GameTest" time="0.012"/>
  <testcase name="placeNorthMove" classname="com.springboot.GameTest" time="0.002"/>
  <testcase name="robotNotFound" classname="com.springboot.GameTest" time="0.002"/>
  <testcase name="placeEast" classname="com.springboot.GameTest" time="0.002"/>
</testsuite>